<?xml version="1.0" encoding="UTF-8"?>
<testng-results ignored="0" total="2" passed="2" failed="0" skipped="0">
  <reporter-output>
  </reporter-output>
  <suite started-at="2024-05-15T21:01:01 IST" name="Default suite" finished-at="2024-05-15T21:01:16 IST" duration-ms="15220">
    <groups>
    </groups>
    <test started-at="2024-05-15T21:01:01 IST" name="Default test" finished-at="2024-05-15T21:01:16 IST" duration-ms="15220">
      <class name="systemTests.RegistrationScreen">
        <test-method is-config="true" signature="openBrowser()[pri:0, instance:systemTests.RegistrationScreen@26d9b808]" started-at="2024-05-15T21:00:57 IST" name="openBrowser" finished-at="2024-05-15T21:01:01 IST" duration-ms="4409" status="PASS">
          <reporter-output>
          </reporter-output>
        </test-method> <!-- openBrowser -->
        <test-method is-config="true" signature="setUP(java.lang.reflect.Method)[pri:0, instance:systemTests.RegistrationScreen@26d9b808]" started-at="2024-05-15T21:01:01 IST" name="setUP" finished-at="2024-05-15T21:01:01 IST" duration-ms="6" status="PASS">
          <params>
            <param index="0">
              <value>
                <![CDATA[public void systemTests.RegistrationScreen.newUserRegistration() throws java.io.IOException,java.lang.Throwable]]>
              </value>
            </param>
          </params>
          <reporter-output>
          </reporter-output>
        </test-method> <!-- setUP -->
        <test-method signature="newUserRegistration()[pri:0, instance:systemTests.RegistrationScreen@26d9b808]" started-at="2024-05-15T21:01:01 IST" name="newUserRegistration" finished-at="2024-05-15T21:01:16 IST" duration-ms="14530" status="PASS">
          <reporter-output>
          </reporter-output>
        </test-method> <!-- newUserRegistration -->
        <test-method is-config="true" signature="afterExecution(org.testng.ITestResult)[pri:0, instance:systemTests.RegistrationScreen@26d9b808]" started-at="2024-05-15T21:01:16 IST" name="afterExecution" finished-at="2024-05-15T21:01:16 IST" duration-ms="179" status="PASS">
          <params>
            <param index="0">
              <value>
                <![CDATA[[TestResult name=newUserRegistration status=SUCCESS method=RegistrationScreen.newUserRegistration()[pri:0, instance:systemTests.RegistrationScreen@26d9b808] output={null}]]]>
              </value>
            </param>
          </params>
          <reporter-output>
          </reporter-output>
        </test-method> <!-- afterExecution -->
        <test-method is-config="true" signature="setUP(java.lang.reflect.Method)[pri:0, instance:systemTests.RegistrationScreen@26d9b808]" started-at="2024-05-15T21:01:16 IST" name="setUP" finished-at="2024-05-15T21:01:16 IST" duration-ms="1" status="PASS">
          <params>
            <param index="0">
              <value>
                <![CDATA[public void systemTests.RegistrationScreen.root()]]>
              </value>
            </param>
          </params>
          <reporter-output>
          </reporter-output>
        </test-method> <!-- setUP -->
        <test-method signature="root()[pri:0, instance:systemTests.RegistrationScreen@26d9b808]" started-at="2024-05-15T21:01:16 IST" name="root" finished-at="2024-05-15T21:01:16 IST" duration-ms="2" status="PASS">
          <reporter-output>
          </reporter-output>
        </test-method> <!-- root -->
        <test-method is-config="true" signature="afterExecution(org.testng.ITestResult)[pri:0, instance:systemTests.RegistrationScreen@26d9b808]" started-at="2024-05-15T21:01:16 IST" name="afterExecution" finished-at="2024-05-15T21:01:16 IST" duration-ms="164" status="PASS">
          <params>
            <param index="0">
              <value>
                <![CDATA[[TestResult name=root status=SUCCESS method=RegistrationScreen.root()[pri:0, instance:systemTests.RegistrationScreen@26d9b808] output={null}]]]>
              </value>
            </param>
          </params>
          <reporter-output>
          </reporter-output>
        </test-method> <!-- afterExecution -->
        <test-method is-config="true" signature="end()[pri:0, instance:systemTests.RegistrationScreen@26d9b808]" started-at="2024-05-15T21:01:16 IST" name="end" finished-at="2024-05-15T21:01:16 IST" duration-ms="304" status="PASS">
          <reporter-output>
          </reporter-output>
        </test-method> <!-- end -->
      </class> <!-- systemTests.RegistrationScreen -->
    </test> <!-- Default test -->
  </suite> <!-- Default suite -->
</testng-results>
